Training flows transformer...
{'activation': 'softplus', 'batch_size': 4, 'd_k': 128, 'd_model': 256, 'd_rnn': 128, 'data': 'data/Breakfast/', 'device': 'cuda', 'dropout': 0.1, 'epochs': 35, 'learning_rate': 0.0001, 'n_head': 4, 'n_layers': 4, 'smooth': 0}
Loading All Datasets...
45 9
[ Epoch 1 ]


  - (Training)   :  60%|██████████████████████████████████████████████████████████████████████████████████████████████████████████████████████████████                                                                                   | 73/121 [00:04<00:02, 17.76it/s]


  - (Validation) :   3%|██████▌                                                                                                                                                                                                            | 1/32 [00:02<01:31,  2.96s/it]
(Testing) Acc:  0.36808, MAE:  0.46058, GPA:  0.13684
Best ACC:  0.36808, MAE:  0.46058, GPA:  0.13684
improvement in epoch 1



  - (Training)   :  60%|██████████████████████████████████████████████████████████████████████████████████████████████████████████████████████████████                                                                                   | 73/121 [00:04<00:02, 17.86it/s]


  - (Validation) :   3%|██████▌                                                                                                                                                                                                            | 1/32 [00:02<01:31,  2.94s/it]
(Testing) Acc:  0.54569, MAE:  0.44896, GPA:  0.25263
Best ACC:  0.54569, MAE:  0.44896, GPA:  0.25263
improvement in epoch 2



  - (Training)   :  60%|██████████████████████████████████████████████████████████████████████████████████████████████████████████████████████████████                                                                                   | 73/121 [00:04<00:02, 17.84it/s]

  - (Validation) :   0%|                                                                                                                                                                                                                           | 0/32 [00:00<?, ?it/s]
(Testing) Acc:  0.58559, MAE:  0.43597, GPA:  0.29474
Best ACC:  0.58559, MAE:  0.43597, GPA:  0.29474
improvement in epoch 3



  - (Training)   :  60%|████████████████████████████████████████████████████████████████████████████████████████████████████████████████████████████▎                                                                                    | 72/121 [00:04<00:02, 17.66it/s]


  - (Training)   :   0%|                                                                                                                                                                                                                          | 0/121 [00:00<?, ?it/s]
(Testing) Acc:  0.58945, MAE:  0.43249, GPA:  0.29474
Best ACC:  0.58945, MAE:  0.43249, GPA:  0.29474
improvement in epoch 4


  - (Training)   :  60%|██████████████████████████████████████████████████████████████████████████████████████████████████████████████████████████████                                                                                   | 73/121 [00:04<00:02, 17.83it/s]


  - (Training)   :   0%|                                                                                                                                                                                                                          | 0/121 [00:00<?, ?it/s]
(Testing) Acc:  0.62420, MAE:  0.41458, GPA:  0.29474
Best ACC:  0.62420, MAE:  0.41458, GPA:  0.29474
improvement in epoch 5


  - (Training)   :  60%|██████████████████████████████████████████████████████████████████████████████████████████████████████████████████████████████                                                                                   | 73/121 [00:04<00:02, 17.85it/s]

  - (Validation) :   0%|                                                                                                                                                                                                                           | 0/32 [00:00<?, ?it/s]
(Testing) Acc:  0.61004, MAE:  0.40948, GPA:  0.29474
Best ACC:  0.62420, MAE:  0.40948, GPA:  0.29474



  - (Validation) :   0%|                                                                                                                                                                                                                           | 0/32 [00:00<?, ?it/s]

  - (Training)   :   0%|                                                                                                                                                                                                                          | 0/121 [00:00<?, ?it/s]
(Testing) Acc:  0.62291, MAE:  0.40095, GPA:  0.31579
Best ACC:  0.62420, MAE:  0.40095, GPA:  0.31579
improvement in epoch 7


  - (Training)   :  60%|██████████████████████████████████████████████████████████████████████████████████████████████████████████████████████████████                                                                                   | 73/121 [00:04<00:02, 17.75it/s]


  - (Training)   :   0%|                                                                                                                                                                                                                          | 0/121 [00:00<?, ?it/s]
(Testing) Acc:  0.63707, MAE:  0.39991, GPA:  0.30526
Best ACC:  0.63707, MAE:  0.39991, GPA:  0.31579
improvement in epoch 8


  - (Validation) :   0%|                                                                                                                                                                                                                           | 0/32 [00:00<?, ?it/s]
(Training) Acc:  0.63595, MAE:  0.33135, Itv. GPA:  0.79212
(Testing) Acc:  0.62420, MAE:  0.40195, GPA:  0.30526
Best ACC:  0.63707, MAE:  0.39991, GPA:  0.31579



  - (Validation) :   0%|                                                                                                                                                                                                                           | 0/32 [00:00<?, ?it/s]
(Training) Acc:  0.63665, MAE:  0.32568, Itv. GPA:  0.79423
(Testing) Acc:  0.62677, MAE:  0.39425, GPA:  0.30526
Best ACC:  0.63707, MAE:  0.39425, GPA:  0.31579



  - (Training)   :  60%|████████████████████████████████████████████████████████████████████████████████████████████████████████████████████████████▎                                                                                    | 72/121 [00:04<00:02, 17.59it/s]

  - (Validation) :   0%|                                                                                                                                                                                                                           | 0/32 [00:00<?, ?it/s]
(Testing) Acc:  0.64093, MAE:  0.38543, GPA:  0.31579
Best ACC:  0.64093, MAE:  0.38543, GPA:  0.31579
improvement in epoch 11



  - (Training)   :  59%|██████████████████████████████████████████████████████████████████████████████████████████████████████████████████████████▋                                                                                      | 71/121 [00:04<00:02, 17.30it/s]

  - (Validation) :   0%|                                                                                                                                                                                                                           | 0/32 [00:00<?, ?it/s]
(Testing) Acc:  0.64093, MAE:  0.38812, GPA:  0.31579
Best ACC:  0.64093, MAE:  0.38543, GPA:  0.31579



  - (Validation) :   0%|                                                                                                                                                                                                                           | 0/32 [00:00<?, ?it/s]
(Training) Acc:  0.65389, MAE:  0.31415, Itv. GPA:  0.80373
(Testing) Acc:  0.64479, MAE:  0.38414, GPA:  0.31579
Best ACC:  0.64479, MAE:  0.38414, GPA:  0.31579
improvement in epoch 13



  - (Training)   :  57%|███████████████████████████████████████████████████████████████████████████████████████████████████████████████████████▏                                                                                         | 69/121 [00:05<00:03, 16.44it/s]


  - (Validation) :   3%|██████▌                                                                                                                                                                                                            | 1/32 [00:03<01:37,  3.15s/it]
(Testing) Acc:  0.64350, MAE:  0.38244, GPA:  0.31579
Best ACC:  0.64479, MAE:  0.38244, GPA:  0.31579
improvement in epoch 14



  - (Training)   :  59%|██████████████████████████████████████████████████████████████████████████████████████████████████████████████████████████▋                                                                                      | 71/121 [00:05<00:02, 16.69it/s]


  - (Validation) :   3%|██████▌                                                                                                                                                                                                            | 1/32 [00:03<01:34,  3.04s/it]
(Testing) Acc:  0.64221, MAE:  0.38142, GPA:  0.31579
Best ACC:  0.64479, MAE:  0.38142, GPA:  0.31579



  - (Training)   :  60%|██████████████████████████████████████████████████████████████████████████████████████████████████████████████████████████████                                                                                   | 73/121 [00:05<00:02, 17.63it/s]


  - (Validation) :   3%|██████▌                                                                                                                                                                                                            | 1/32 [00:03<01:33,  3.02s/it]
(Testing) Acc:  0.64994, MAE:  0.38116, GPA:  0.31579
Best ACC:  0.64994, MAE:  0.38116, GPA:  0.31579
improvement in epoch 16



  - (Training)   :  59%|██████████████████████████████████████████████████████████████████████████████████████████████████████████████████████████▋                                                                                      | 71/121 [00:05<00:02, 17.13it/s]

  - (Validation) :   0%|                                                                                                                                                                                                                           | 0/32 [00:00<?, ?it/s]
(Testing) Acc:  0.64479, MAE:  0.37960, GPA:  0.32632
Best ACC:  0.64994, MAE:  0.37960, GPA:  0.32632



  - (Training)   :  60%|████████████████████████████████████████████████████████████████████████████████████████████████████████████████████████████▎                                                                                    | 72/121 [00:05<00:02, 17.29it/s]

  - (Validation) :   0%|                                                                                                                                                                                                                           | 0/32 [00:00<?, ?it/s]
(Testing) Acc:  0.63964, MAE:  0.38337, GPA:  0.31579
Best ACC:  0.64994, MAE:  0.37960, GPA:  0.32632



  - (Training)   :  60%|██████████████████████████████████████████████████████████████████████████████████████████████████████████████████████████████                                                                                   | 73/121 [00:05<00:02, 17.65it/s]

  - (Validation) :   0%|                                                                                                                                                                                                                           | 0/32 [00:00<?, ?it/s]
(Testing) Acc:  0.64994, MAE:  0.37824, GPA:  0.31579
Best ACC:  0.64994, MAE:  0.37824, GPA:  0.32632
improvement in epoch 19


  - (Training)   :   1%|█▋                                                                                                                                                                                                                | 1/121 [00:03<06:03,  3.03s/it]

  - (Validation) :   0%|                                                                                                                                                                                                                           | 0/32 [00:00<?, ?it/s]
(Testing) Acc:  0.65122, MAE:  0.38477, GPA:  0.31579
Best ACC:  0.65122, MAE:  0.37824, GPA:  0.32632



  - (Validation) :   0%|                                                                                                                                                                                                                           | 0/32 [00:00<?, ?it/s]
(Training) Acc:  0.66936, MAE:  0.29722, Itv. GPA:  0.81534
(Testing) Acc:  0.65251, MAE:  0.37845, GPA:  0.31579
Best ACC:  0.65251, MAE:  0.37824, GPA:  0.32632
improvement in epoch 21




  - (Validation) :   0%|                                                                                                                                                                                                                           | 0/32 [00:00<?, ?it/s]
(Training) Acc:  0.67394, MAE:  0.30246, Itv. GPA:  0.81147
(Testing) Acc:  0.65637, MAE:  0.37780, GPA:  0.32632
Best ACC:  0.65637, MAE:  0.37780, GPA:  0.32632
improvement in epoch 22



  - (Training)   :  58%|████████████████████████████████████████████████████████████████████████████████████████████████████████████████████████▉                                                                                        | 70/121 [00:05<00:03, 16.94it/s]

  - (Validation) :   0%|                                                                                                                                                                                                                           | 0/32 [00:00<?, ?it/s]
(Testing) Acc:  0.65122, MAE:  0.37634, GPA:  0.32632
Best ACC:  0.65637, MAE:  0.37634, GPA:  0.32632



  - (Training)   :  57%|███████████████████████████████████████████████████████████████████████████████████████████████████████████████████████▏                                                                                         | 69/121 [00:05<00:03, 16.55it/s]


  - (Training)   :   0%|                                                                                                                                                                                                                          | 0/121 [00:00<?, ?it/s]
(Testing) Acc:  0.65122, MAE:  0.37673, GPA:  0.32632
Best ACC:  0.65637, MAE:  0.37634, GPA:  0.32632

Traceback (most recent call last):
  File "C:\Users\mich0003\AppData\Local\anaconda3\envs\proactive\lib\site-packages\torch\utils\data\dataloader.py", line 779, in _try_get_data
    data = self._data_queue.get(timeout=timeout)
  File "C:\Users\mich0003\AppData\Local\anaconda3\envs\proactive\lib\multiprocessing\queues.py", line 105, in get
    raise Empty
_queue.Empty
During handling of the above exception, another exception occurred:
Traceback (most recent call last):
  File "C:\Users\mich0003\Repos\BachelorPP\proactive\strategies\architecture\wandb\flows_training_wandb.py", line 60, in train
    train_event, train_type, train_goal, train_time = train_epoch(model, trainloader, optimizer, pred_loss_func, pred_loss_goal, config, epoch)
  File "C:\Users\mich0003\Repos\BachelorPP\proactive\strategies\architecture\wandb\flows_training_wandb.py", line 98, in train_epoch
    for batch in tqdm(training_data, mininterval=2, desc='  - (Training)   ', leave=False):
  File "C:\Users\mich0003\AppData\Local\anaconda3\envs\proactive\lib\site-packages\tqdm\std.py", line 1178, in __iter__
    for obj in iterable:
  File "C:\Users\mich0003\AppData\Local\anaconda3\envs\proactive\lib\site-packages\torch\utils\data\dataloader.py", line 363, in __next__
    data = self._next_data()
  File "C:\Users\mich0003\AppData\Local\anaconda3\envs\proactive\lib\site-packages\torch\utils\data\dataloader.py", line 974, in _next_data
    idx, data = self._get_data()
  File "C:\Users\mich0003\AppData\Local\anaconda3\envs\proactive\lib\site-packages\torch\utils\data\dataloader.py", line 941, in _get_data
    success, data = self._try_get_data()
  File "C:\Users\mich0003\AppData\Local\anaconda3\envs\proactive\lib\site-packages\torch\utils\data\dataloader.py", line 792, in _try_get_data
    raise RuntimeError('DataLoader worker (pid(s) {}) exited unexpectedly'.format(pids_str))
RuntimeError: DataLoader worker (pid(s) 16036, 11076) exited unexpectedly