Training hawkes transformer...
{'batch_size': 4, 'd_k': 32, 'd_model': 256, 'data': 'data/Breakfast/', 'device': 'cuda', 'dropout': 0.1, 'epochs': 35, 'learning_rate': 8.311071313349123e-05, 'n_head': 4, 'n_layers': 4, 'num_mix_components': 16, 'smooth': 0}
Loading All Datasets...
45 9
tensor(-2.0079, device='cuda:0') tensor(1.7772, device='cuda:0')
[ Epoch 0 ]


  - (Training)   :  60%|██████████████████████████████████████████████████████████████████████████████████████████████████████████████████████████████                                                                                   | 73/121 [00:05<00:02, 17.65it/s]


  - (Training)   :   0%|                                                                                                                                                                                                                          | 0/121 [00:00<?, ?it/s]
Test loss: 0.31940269470214844 with time_loss: -11.9993896484375 and type_loss 12.318792343139648



  - (Training)   :   0%|                                                                                                                                                                                                                           | 0/32 [00:00<?, ?it/s]

  - (Training)   :   0%|                                                                                                                                                                                                                          | 0/121 [00:00<?, ?it/s]
Test loss: -4.023414611816406 with time_loss: -13.466790199279785 and type_loss 9.443375587463379
New best found!



  - (Training)   :   0%|                                                                                                                                                                                                                           | 0/32 [00:00<?, ?it/s]


  - (Training)   :   0%|                                                                                                                                                                                                                          | 0/121 [00:00<?, ?it/s]
Test loss: -3.841385841369629 with time_loss: -12.965609550476074 and type_loss 9.124223709106445



  - (Training)   :   0%|                                                                                                                                                                                                                           | 0/32 [00:00<?, ?it/s]

  - (Training)   :   3%|██████▌                                                                                                                                                                                                            | 1/32 [00:02<01:30,  2.91s/it]
Test loss: -4.953661918640137 with time_loss: -13.424910545349121 and type_loss 8.471248626708984
New best found!




  - (Training)   :   0%|                                                                                                                                                                                                                           | 0/32 [00:00<?, ?it/s]

  - (Training)   :   0%|                                                                                                                                                                                                                          | 0/121 [00:00<?, ?it/s]
Test loss: -4.1825761795043945 with time_loss: -12.58423137664795 and type_loss 8.401655197143555



  - (Training)   :   0%|                                                                                                                                                                                                                           | 0/32 [00:00<?, ?it/s]

  - (Training)   :   3%|██████▌                                                                                                                                                                                                            | 1/32 [00:02<01:30,  2.91s/it]
Test loss: -0.7484464645385742 with time_loss: -10.634500503540039 and type_loss 9.886054039001465




  - (Training)   :   0%|                                                                                                                                                                                                                           | 0/32 [00:00<?, ?it/s]


  - (Training)   :   0%|                                                                                                                                                                                                                          | 0/121 [00:00<?, ?it/s]
Test loss: -5.43592643737793 with time_loss: -13.612592697143555 and type_loss 8.176666259765625
New best found!



  - (Training)   :   0%|                                                                                                                                                                                                                           | 0/32 [00:00<?, ?it/s]

  - (Training)   :   3%|██████▌                                                                                                                                                                                                            | 1/32 [00:02<01:30,  2.91s/it]
Test loss: -6.767251968383789 with time_loss: -14.6216402053833 and type_loss 7.854388236999512
New best found!




  - (Training)   :   0%|                                                                                                                                                                                                                           | 0/32 [00:00<?, ?it/s]

  - (Training)   :   3%|██████▌                                                                                                                                                                                                            | 1/32 [00:02<01:32,  2.98s/it]
Test loss: -4.247776031494141 with time_loss: -13.70786190032959 and type_loss 9.46008586883545



  - (Training)   :  60%|██████████████████████████████████████████████████████████████████████████████████████████████████████████████████████████████                                                                                   | 73/121 [00:04<00:02, 17.88it/s]


  - (Training)   :   3%|██████▌                                                                                                                                                                                                            | 1/32 [00:02<01:29,  2.90s/it]
Test loss: 1.1502876281738281 with time_loss: -10.392866134643555 and type_loss 11.543153762817383




  - (Training)   :   0%|                                                                                                                                                                                                                           | 0/32 [00:00<?, ?it/s]

  - (Training)   :   3%|██████▌                                                                                                                                                                                                            | 1/32 [00:02<01:31,  2.94s/it]
Test loss: -7.992007255554199 with time_loss: -15.785445213317871 and type_loss 7.793437957763672
New best found!



  - (Training)   :  60%|████████████████████████████████████████████████████████████████████████████████████████████████████████████████████████████▎                                                                                    | 72/121 [00:04<00:02, 17.57it/s]


  - (Training)   :   3%|██████▌                                                                                                                                                                                                            | 1/32 [00:02<01:31,  2.95s/it]
Test loss: -0.21143817901611328 with time_loss: -7.872704982757568 and type_loss 7.661266803741455



  - (Training)   :  61%|███████████████████████████████████████████████████████████████████████████████████████████████████████████████████████████████▊                                                                                 | 74/121 [00:04<00:02, 18.03it/s]


  - (Training)   :   3%|██████▌                                                                                                                                                                                                            | 1/32 [00:02<01:31,  2.96s/it]
Test loss: -1.0345544815063477 with time_loss: -8.62855052947998 and type_loss 7.593996047973633



  - (Training)   :  61%|███████████████████████████████████████████████████████████████████████████████████████████████████████████████████████████████▊                                                                                 | 74/121 [00:04<00:02, 18.06it/s]


  - (Training)   :   3%|██████▌                                                                                                                                                                                                            | 1/32 [00:02<01:31,  2.97s/it]
Test loss: -0.8387556076049805 with time_loss: -8.32572078704834 and type_loss 7.486965179443359



  - (Training)   :  60%|██████████████████████████████████████████████████████████████████████████████████████████████████████████████████████████████                                                                                   | 73/121 [00:04<00:02, 17.85it/s]


  - (Training)   :   3%|██████▌                                                                                                                                                                                                            | 1/32 [00:02<01:31,  2.96s/it]
Test loss: -8.435087203979492 with time_loss: -15.738457679748535 and type_loss 7.303370952606201
New best found!



  - (Training)   :  61%|███████████████████████████████████████████████████████████████████████████████████████████████████████████████████████████████▊                                                                                 | 74/121 [00:04<00:02, 17.95it/s]


  - (Training)   :   3%|██████▌                                                                                                                                                                                                            | 1/32 [00:02<01:30,  2.93s/it]
Test loss: -7.541633605957031 with time_loss: -15.181985855102539 and type_loss 7.640352249145508



  - (Training)   :  61%|███████████████████████████████████████████████████████████████████████████████████████████████████████████████████████████████▊                                                                                 | 74/121 [00:04<00:02, 18.00it/s]


  - (Training)   :   3%|██████▌                                                                                                                                                                                                            | 1/32 [00:02<01:31,  2.94s/it]
Test loss: -2.954488754272461 with time_loss: -10.084867477416992 and type_loss 7.130378723144531



  - (Training)   :  61%|███████████████████████████████████████████████████████████████████████████████████████████████████████████████████████████████▊                                                                                 | 74/121 [00:05<00:02, 17.94it/s]


  - (Training)   :   3%|██████▌                                                                                                                                                                                                            | 1/32 [00:02<01:30,  2.91s/it]
Test loss: -5.467737197875977 with time_loss: -12.803145408630371 and type_loss 7.3354082107543945



  - (Training)   :  60%|██████████████████████████████████████████████████████████████████████████████████████████████████████████████████████████████                                                                                   | 73/121 [00:05<00:02, 17.68it/s]


  - (Training)   :   3%|██████▌                                                                                                                                                                                                            | 1/32 [00:02<01:30,  2.91s/it]
Test loss: -9.414175987243652 with time_loss: -16.528642654418945 and type_loss 7.114466667175293
New best found!



  - (Training)   :  60%|██████████████████████████████████████████████████████████████████████████████████████████████████████████████████████████████                                                                                   | 73/121 [00:05<00:02, 17.58it/s]


  - (Training)   :   3%|██████▌                                                                                                                                                                                                            | 1/32 [00:02<01:30,  2.93s/it]
Test loss: -7.4892683029174805 with time_loss: -14.715604782104492 and type_loss 7.226336479187012



  - (Training)   :  60%|████████████████████████████████████████████████████████████████████████████████████████████████████████████████████████████▎                                                                                    | 72/121 [00:04<00:02, 17.50it/s]


  - (Training)   :   3%|██████▌                                                                                                                                                                                                            | 1/32 [00:02<01:32,  2.99s/it]
Test loss: -2.1365761756896973 with time_loss: -8.962810516357422 and type_loss 6.826234340667725



  - (Training)   :  60%|████████████████████████████████████████████████████████████████████████████████████████████████████████████████████████████▎                                                                                    | 72/121 [00:05<00:02, 17.40it/s]


  - (Training)   :   3%|██████▌                                                                                                                                                                                                            | 1/32 [00:02<01:30,  2.93s/it]
Test loss: 0.10331535339355469 with time_loss: -6.770401954650879 and type_loss 6.873717308044434


  - (Training)   :  60%|████████████████████████████████████████████████████████████████████████████████████████████████████████████████████████████▎                                                                                    | 72/121 [00:05<00:02, 17.35it/s]

  - (Training)   :   0%|                                                                                                                                                                                                                           | 0/32 [00:00<?, ?it/s]
Test loss: -2.685490608215332 with time_loss: -9.692331314086914 and type_loss 7.006840705871582



  - (Training)   :  58%|████████████████████████████████████████████████████████████████████████████████████████████████████████████████████████▉                                                                                        | 70/121 [00:05<00:03, 16.87it/s]

  - (Training)   :   0%|                                                                                                                                                                                                                           | 0/32 [00:00<?, ?it/s]
Test loss: 3.7703661918640137 with time_loss: -3.02545166015625 and type_loss 6.795817852020264



  - (Training)   :  57%|███████████████████████████████████████████████████████████████████████████████████████████████████████████████████████▏                                                                                         | 69/121 [00:04<00:03, 16.90it/s]

  - (Training)   :   0%|                                                                                                                                                                                                                           | 0/32 [00:00<?, ?it/s]
Test loss: -5.042577266693115 with time_loss: -11.817480087280273 and type_loss 6.774902820587158



  - (Training)   :   0%|                                                                                                                                                                                                                           | 0/32 [00:00<?, ?it/s]
Train loss: -11.751243591308594 with time_loss: -17.944862365722656 and type_loss 6.1936187744140625
Test loss: -7.928864479064941 with time_loss: -14.772150993347168 and type_loss 6.843286514282227



Traceback (most recent call last):
  File "C:\Users\mich0003\AppData\Local\anaconda3\envs\proactive\lib\site-packages\torch\utils\data\dataloader.py", line 779, in _try_get_data
    data = self._data_queue.get(timeout=timeout)
  File "C:\Users\mich0003\AppData\Local\anaconda3\envs\proactive\lib\multiprocessing\queues.py", line 105, in get
    raise Empty
_queue.Empty
During handling of the above exception, another exception occurred:
Traceback (most recent call last):
  File "C:\Users\mich0003\Repos\BachelorPP\proactive\strategies\architecture\wandb\gmm_training_wandb.py", line 68, in train
    time_loss, type_loss = train_epoch(model, trainloader, optimizer, pred_loss_func, pred_loss_goal, config, event_data)
  File "C:\Users\mich0003\Repos\BachelorPP\proactive\strategies\architecture\wandb\gmm_training_wandb.py", line 97, in train_epoch
    for batch in tqdm(training_data, mininterval=2, desc='  - (Training)   ', leave=False):
  File "C:\Users\mich0003\AppData\Local\anaconda3\envs\proactive\lib\site-packages\tqdm\std.py", line 1178, in __iter__
    for obj in iterable:
  File "C:\Users\mich0003\AppData\Local\anaconda3\envs\proactive\lib\site-packages\torch\utils\data\dataloader.py", line 363, in __next__
    data = self._next_data()
  File "C:\Users\mich0003\AppData\Local\anaconda3\envs\proactive\lib\site-packages\torch\utils\data\dataloader.py", line 974, in _next_data
    idx, data = self._get_data()
  File "C:\Users\mich0003\AppData\Local\anaconda3\envs\proactive\lib\site-packages\torch\utils\data\dataloader.py", line 941, in _get_data
    success, data = self._try_get_data()
  File "C:\Users\mich0003\AppData\Local\anaconda3\envs\proactive\lib\site-packages\torch\utils\data\dataloader.py", line 792, in _try_get_data
    raise RuntimeError('DataLoader worker (pid(s) {}) exited unexpectedly'.format(pids_str))
RuntimeError: DataLoader worker (pid(s) 16700, 9552) exited unexpectedly